<?xml version="1.0" encoding="UTF-8"?>
<!-- Generated by org.testng.reporters.JUnitXMLReporter -->
<testsuite ignored="8" hostname="MSI" failures="0" tests="1" name="Default test" time="4.822" errors="0" timestamp="2025-05-17T12:53:17 IST">
  <testcase classname="Testscripts.TestAllRequest" name="TC01_CreateUser_POST" time="4.762"/>
  <testcase classname="Testscripts.TestAllRequest" name="TC09_DeleteRequest_InvalidEndpoint" time="0.0">
    <ignored/>
  </testcase> <!-- TC09_DeleteRequest_InvalidEndpoint -->
  <testcase classname="Testscripts.TestAllRequest" name="TC06_PostRequest_MissingFields" time="0.0">
    <ignored/>
  </testcase> <!-- TC06_PostRequest_MissingFields -->
  <testcase classname="Testscripts.TestAllRequest" name="TC05_DeleteUser_DELETE" time="0.0">
    <ignored/>
  </testcase> <!-- TC05_DeleteUser_DELETE -->
  <testcase classname="Testscripts.TestAllRequest" name="TC04_UpdateUser_PUT" time="0.0">
    <ignored/>
  </testcase> <!-- TC04_UpdateUser_PUT -->
  <testcase classname="Testscripts.TestAllRequest" name="TC03_GetUserById" time="0.0">
    <ignored/>
  </testcase> <!-- TC03_GetUserById -->
  <testcase classname="Testscripts.TestAllRequest" name="TC08_PutRequest_MissingName" time="0.0">
    <ignored/>
  </testcase> <!-- TC08_PutRequest_MissingName -->
  <testcase classname="Testscripts.TestAllRequest" name="TC07_GetRequest_InvalidEndpoint" time="0.0">
    <ignored/>
  </testcase> <!-- TC07_GetRequest_InvalidEndpoint -->
  <testcase classname="Testscripts.TestAllRequest" name="TC02_GetListOfUser" time="0.0">
    <ignored/>
  </testcase> <!-- TC02_GetListOfUser -->
</testsuite> <!-- Default test -->
